<?xml version="1.0" encoding="UTF-8"?>
<!-- Generated by org.testng.reporters.JUnitReportReporter -->
<testsuite hostname="DESKTOP-01UCJLJ" failures="0" tests="4" name="Pac1.Lab9_2" time="25.769" errors="0" timestamp="2025-08-27T19:31:53 IST" skipped="0">
  <testcase classname="Pac1.Lab9_2" name="f" time="5.378"/>
  <testcase classname="Pac1.Lab9_2" name="f" time="7.492"/>
  <testcase classname="Pac1.Lab9_2" name="f" time="5.515"/>
  <testcase classname="Pac1.Lab9_2" name="f" time="7.384"/>
</testsuite> <!-- Pac1.Lab9_2 -->
