<?xml version="1.0" encoding="UTF-8"?>
<!-- Generated by org.testng.reporters.JUnitReportReporter -->
<testsuite hostname="DESKTOP-01UCJLJ" failures="0" tests="2" name="Pac1.TC001_testNg" time="12.082" errors="0" timestamp="2025-08-26T12:04:49 IST" skipped="0">
  <testcase classname="Pac1.TC001_testNg" name="f" time="6.899"/>
  <testcase classname="Pac1.TC001_testNg" name="f" time="5.183"/>
</testsuite> <!-- Pac1.TC001_testNg -->
