<?xml version="1.0" encoding="UTF-8"?>
<!-- Generated by org.testng.reporters.JUnitReportReporter -->
<testsuite hostname="DESKTOP-01UCJLJ" failures="0" tests="1" name="Pac1.Testng_lab3" time="11.403" errors="0" timestamp="2025-08-26T12:32:33 IST" skipped="0">
  <testcase classname="Pac1.Testng_lab3" name="f" time="11.403">
    <system-out>
      <![CDATA[Opened URL in Chrome
Navigated to Mac section
Selected sort: Name (A-Z)
Clicked Add to Cart for Mac
Success message: Success: You have added iMac to your shopping cart!
×]]>
    </system-out>
  </testcase> <!-- f -->
  <system-out>
    <![CDATA[Opened URL in Chrome
Navigated to Mac section
Selected sort: Name (A-Z)
Clicked Add to Cart for Mac
Success message: Success: You have added iMac to your shopping cart!
×
Closed browser]]>
  </system-out>
</testsuite> <!-- Pac1.Testng_lab3 -->
