<?xml version="1.0" encoding="UTF-8"?>
<!-- Generated by org.testng.reporters.JUnitReportReporter -->
<testsuite hostname="DESKTOP-01UCJLJ" failures="0" tests="6" name="Pac1.TC001_testNg" time="99.839" errors="0" timestamp="2025-08-26T15:26:31 IST" skipped="0">
  <testcase classname="Pac1.TC001_testNg" name="f" time="16.428"/>
  <testcase classname="Pac1.TC001_testNg" name="f" time="17.114"/>
  <testcase classname="Pac1.TC001_testNg" name="f" time="18.910"/>
  <testcase classname="Pac1.TC001_testNg" name="f" time="6.898"/>
  <testcase classname="Pac1.TC001_testNg" name="f" time="22.462"/>
  <testcase classname="Pac1.TC001_testNg" name="f" time="18.027"/>
</testsuite> <!-- Pac1.TC001_testNg -->
