<?xml version="1.0" encoding="UTF-8"?>
<!-- Generated by org.testng.reporters.JUnitReportReporter -->
<testsuite hostname="DESKTOP-01UCJLJ" failures="0" tests="3" name="Pac1.grouptesting" time="0.015" errors="0" timestamp="2025-08-26T15:29:49 IST" skipped="1">
  <testcase classname="Pac1.grouptesting" name="test3" time="0.012"/>
  <testcase classname="Pac1.grouptesting" name="test2" time="0.003"/>
  <testcase classname="Pac1.grouptesting" name="test1">
    <skipped/>
  </testcase> <!-- test1 -->
</testsuite> <!-- Pac1.grouptesting -->
