<?xml version="1.0" encoding="UTF-8"?>
<!-- Generated by org.testng.reporters.JUnitReportReporter -->
<testsuite hostname="DESKTOP-01UCJLJ" failures="0" tests="3" name="com.orangehrm.tests.Login_orangehrm" time="26.144" errors="0" timestamp="2025-08-29T14:35:26 IST" skipped="0">
  <testcase classname="com.orangehrm.tests.Login_orangehrm" name="verifylogin" time="8.170"/>
  <testcase classname="com.orangehrm.tests.Login_orangehrm" name="verifylogin" time="9.570"/>
  <testcase classname="com.orangehrm.tests.Login_orangehrm" name="verifylogin" time="8.404"/>
</testsuite> <!-- com.orangehrm.tests.Login_orangehrm -->
