<?xml version="1.0" encoding="UTF-8"?>
<!-- Generated by org.testng.reporters.JUnitReportReporter -->
<testsuite hostname="DESKTOP-01UCJLJ" failures="0" tests="1" name="Pac1.Screenshot" time="21.816" errors="0" timestamp="2025-08-29T10:42:07 IST" skipped="0">
  <testcase classname="Pac1.Screenshot" name="screenshottest" time="21.816"/>
</testsuite> <!-- Pac1.Screenshot -->
