<?xml version="1.0" encoding="UTF-8"?>
<!-- Generated by org.testng.reporters.JUnitReportReporter -->
<testsuite hostname="DESKTOP-01UCJLJ" failures="0" tests="3" name="Pac1.extendedreport" time="29.939" errors="0" timestamp="2025-08-28T13:01:09 IST" skipped="0">
  <testcase classname="Pac1.extendedreport" name="f" time="9.380"/>
  <testcase classname="Pac1.extendedreport" name="f" time="10.136"/>
  <testcase classname="Pac1.extendedreport" name="f" time="10.423"/>
</testsuite> <!-- Pac1.extendedreport -->
