<?xml version="1.0" encoding="UTF-8"?>
<!-- Generated by org.testng.reporters.JUnitReportReporter -->
<testsuite hostname="DESKTOP-01UCJLJ" failures="0" tests="2" name="Pac1.Testng_lab4" time="9.643" errors="0" timestamp="2025-08-26T12:08:16 IST" skipped="0">
  <testcase classname="Pac1.Testng_lab4" name="f" time="5.576">
    <system-out>
      <![CDATA[Opened URL in Chrome
Verified page title: Your Store
Navigated to Mac section
Verified Mac heading
Selected sort: Name (A-Z)
Clicked Add to Cart for Mac
Searched for 'Monitors'
Performed advanced search with description enabled
Verified search results]]>
    </system-out>
  </testcase> <!-- f -->
  <testcase classname="Pac1.Testng_lab4" name="f" time="4.067">
    <system-out>
      <![CDATA[Opened URL in Chrome
Verified page title: Your Store
Navigated to Mac section
Verified Mac heading
Selected sort: Name (A-Z)
Clicked Add to Cart for Mac
Searched for 'Monitors'
Performed advanced search with description enabled
Verified search results]]>
    </system-out>
  </testcase> <!-- f -->
  <system-out>
    <![CDATA[Opened URL in Chrome
Navigated to Mac section
Selected sort: Name (A-Z)
Clicked Add to Cart for Mac
Success message: Success: You have added iMac to your shopping cart!
×
Closed browser
Opened URL in Chrome
Navigated to Mac section
Selected sort: Name (A-Z)
Clicked Add to Cart for Mac
Success message: Success: You have added iMac to your shopping cart!
×
Closed browser
Opened URL in Chrome
Verified page title: Your Store
Navigated to Mac section
Verified Mac heading
Selected sort: Name (A-Z)
Clicked Add to Cart for Mac
Searched for 'Monitors'
Performed advanced search with description enabled
Verified search results
Closed browser
Opened URL in Chrome
Verified page title: Your Store
Navigated to Mac section
Verified Mac heading
Selected sort: Name (A-Z)
Clicked Add to Cart for Mac
Searched for 'Monitors'
Performed advanced search with description enabled
Verified search results
Closed browser]]>
  </system-out>
</testsuite> <!-- Pac1.Testng_lab4 -->
