<?xml version="1.0" encoding="UTF-8"?>
<!-- Generated by org.testng.reporters.JUnitReportReporter -->
<testsuite hostname="DESKTOP-01UCJLJ" failures="0" tests="3" name="Pac1.Lab9_2" time="26.106" errors="0" timestamp="2025-08-26T16:26:11 IST" skipped="0">
  <testcase classname="Pac1.Lab9_2" name="f" time="8.005">
    <system-out>
      <![CDATA[Opened URL in Chrome
Verified page title: Your Store
Navigated to Mac section
Verified Mac heading
Selected sort: Name (A-Z)
Clicked Add to Cart for Mac
Searched for 'Monitors'
Performed advanced search with description enabled
Verified search results]]>
    </system-out>
  </testcase> <!-- f -->
  <testcase classname="Pac1.Lab9_2" name="f" time="10.209">
    <system-out>
      <![CDATA[Opened URL in Chrome
Verified page title: Your Store
Navigated to Mac section
Verified Mac heading
Selected sort: Name (A-Z)
Clicked Add to Cart for Mac
Searched for 'Monitors'
Performed advanced search with description enabled
Verified search results]]>
    </system-out>
  </testcase> <!-- f -->
  <testcase classname="Pac1.Lab9_2" name="f" time="7.892">
    <system-out>
      <![CDATA[Opened URL in Chrome
Verified page title: Your Store
Navigated to Mac section
Verified Mac heading
Selected sort: Name (A-Z)
Clicked Add to Cart for Mac
Searched for 'Monitors'
Performed advanced search with description enabled
Verified search results]]>
    </system-out>
  </testcase> <!-- f -->
  <system-out>
    <![CDATA[Opened URL in browser
Opened URL in browser
Navigated to Mac section
Navigated to Mac section
Selected sort: Name (A-Z)
Selected sort: Name (A-Z)
Clicked Add to Cart for Mac
Clicked Add to Cart for Mac
Success message: Success: You have added iMac to your shopping cart!
×
Success message: Success: You have added iMac to your shopping cart!
×
Opened URL in browser
Opened URL in browser
Opened URL in browser
Navigated to Mac section
Navigated to Mac section
Navigated to Mac section
Selected sort: Name (A-Z)
Selected sort: Name (A-Z)
Clicked Add to Cart for Mac
Success message: Success: You have added iMac to your shopping cart!
×
Clicked Add to Cart for Mac
Selected sort: Name (A-Z)
Clicked Add to Cart for Mac
Success message: Success: You have added iMac to your shopping cart!
×
Success message: Success: You have added iMac to your shopping cart!
×
Opened URL in Chrome
Opened URL in Chrome
Verified page title: Your Store
Verified page title: Your Store
Navigated to Mac section
Navigated to Mac section
Verified Mac heading
Verified Mac heading
Selected sort: Name (A-Z)
Selected sort: Name (A-Z)
Clicked Add to Cart for Mac
Clicked Add to Cart for Mac
Searched for 'Monitors'
Searched for 'Monitors'
Performed advanced search with description enabled
Performed advanced search with description enabled
Verified search results
Verified search results
Closed browser
Closed browser
Opened URL in browser
Navigated to Mac section
Selected sort: Name (A-Z)
Clicked Add to Cart for Mac
Success message: Success: You have added iMac to your shopping cart!
×
Opened URL in Chrome
Verified page title: Your Store
Navigated to Mac section
Verified Mac heading
Selected sort: Name (A-Z)
Clicked Add to Cart for Mac
Searched for 'Monitors'
Performed advanced search with description enabled
Verified search results
Closed browser]]>
  </system-out>
</testsuite> <!-- Pac1.Lab9_2 -->
