<?xml version="1.0" encoding="UTF-8"?>
<!-- Generated by org.testng.reporters.JUnitReportReporter -->
<testsuite hostname="DESKTOP-01UCJLJ" failures="0" tests="1" name="Pac1.pageobject" time="19.026" errors="0" timestamp="2025-08-28T10:59:29 IST" skipped="0">
  <testcase classname="Pac1.pageobject" name="f" time="19.026"/>
</testsuite> <!-- Pac1.pageobject -->
